<?xml version="1.0" encoding="UTF-8"?>
<!-- Generated by org.testng.reporters.JUnitReportReporter -->
<testsuite hostname="GANESANs-MacBook-Pro.local" failures="0" tests="1" name="Seleniumtests.Takescreenshot" time="96.321" errors="0" timestamp="06 Apr 2020 16:54:43 GMT" skipped="0">
  <testcase classname="Seleniumtests.Takescreenshot" name="takescreenshot" time="96.321"/>
</testsuite> <!-- Seleniumtests.Takescreenshot -->
