<?xml version="1.0" encoding="UTF-8"?>
<!-- Generated by org.testng.reporters.JUnitReportReporter -->
<testsuite hostname="GANESANs-MacBook-Pro.local" failures="0" tests="1" name="utility.screenshot" time="56.805" errors="0" timestamp="06 Apr 2020 16:35:02 GMT" skipped="0">
  <testcase classname="utility.screenshot" name="takescrenshot" time="56.805"/>
</testsuite> <!-- utility.screenshot -->
